[  354152ms] [ERROR] WebSocket connection to 'ws://localhost:3000/_next/webpack-hmr?id=dU61mA6lyXOKtXFRNZtTR' failed: Error in connection establishment: net::ERR_CONNECTION_REFUSED @ http://localhost:3000/_next/static/chunks/node_modules_next_dist_client_17643121._.js:10878
[  355153ms] [ERROR] WebSocket connection to 'ws://localhost:3000/_next/webpack-hmr?id=dU61mA6lyXOKtXFRNZtTR' failed: Error in connection establishment: net::ERR_CONNECTION_REFUSED @ http://localhost:3000/_next/static/chunks/node_modules_next_dist_client_17643121._.js:10878
[  356155ms] [ERROR] WebSocket connection to 'ws://localhost:3000/_next/webpack-hmr?id=dU61mA6lyXOKtXFRNZtTR' failed: Error in connection establishment: net::ERR_CONNECTION_REFUSED @ http://localhost:3000/_next/static/chunks/node_modules_next_dist_client_17643121._.js:10878
[  357158ms] [ERROR] WebSocket connection to 'ws://localhost:3000/_next/webpack-hmr?id=dU61mA6lyXOKtXFRNZtTR' failed: Error in connection establishment: net::ERR_CONNECTION_REFUSED @ http://localhost:3000/_next/static/chunks/node_modules_next_dist_client_17643121._.js:10878
[  358161ms] [ERROR] WebSocket connection to 'ws://localhost:3000/_next/webpack-hmr?id=dU61mA6lyXOKtXFRNZtTR' failed: Error in connection establishment: net::ERR_CONNECTION_REFUSED @ http://localhost:3000/_next/static/chunks/node_modules_next_dist_client_17643121._.js:10878
[  363168ms] [ERROR] WebSocket connection to 'ws://localhost:3000/_next/webpack-hmr?id=dU61mA6lyXOKtXFRNZtTR' failed: Error in connection establishment: net::ERR_CONNECTION_REFUSED @ http://localhost:3000/_next/static/chunks/node_modules_next_dist_client_17643121._.js:10878
[  368179ms] [ERROR] WebSocket connection to 'ws://localhost:3000/_next/webpack-hmr?id=dU61mA6lyXOKtXFRNZtTR' failed: Error in connection establishment: net::ERR_CONNECTION_REFUSED @ http://localhost:3000/_next/static/chunks/node_modules_next_dist_client_17643121._.js:10878
[  373196ms] [ERROR] WebSocket connection to 'ws://localhost:3000/_next/webpack-hmr?id=dU61mA6lyXOKtXFRNZtTR' failed: Error in connection establishment: net::ERR_CONNECTION_REFUSED @ http://localhost:3000/_next/static/chunks/node_modules_next_dist_client_17643121._.js:10878
[  378239ms] [ERROR] WebSocket connection to 'ws://localhost:3000/_next/webpack-hmr?id=dU61mA6lyXOKtXFRNZtTR' failed: Error in connection establishment: net::ERR_CONNECTION_REFUSED @ http://localhost:3000/_next/static/chunks/node_modules_next_dist_client_17643121._.js:10878
[  383271ms] [ERROR] WebSocket connection to 'ws://localhost:3000/_next/webpack-hmr?id=dU61mA6lyXOKtXFRNZtTR' failed: Error in connection establishment: net::ERR_CONNECTION_REFUSED @ http://localhost:3000/_next/static/chunks/node_modules_next_dist_client_17643121._.js:10878
[  388405ms] [ERROR] WebSocket connection to 'ws://localhost:3000/_next/webpack-hmr?id=dU61mA6lyXOKtXFRNZtTR' failed: Error in connection establishment: net::ERR_CONNECTION_REFUSED @ http://localhost:3000/_next/static/chunks/node_modules_next_dist_client_17643121._.js:10878
[  393638ms] [ERROR] WebSocket connection to 'ws://localhost:3000/_next/webpack-hmr?id=dU61mA6lyXOKtXFRNZtTR' failed: Error in connection establishment: net::ERR_CONNECTION_REFUSED @ http://localhost:3000/_next/static/chunks/node_modules_next_dist_client_17643121._.js:10878
[  709742ms] [ERROR] WebSocket connection to 'ws://localhost:3000/_next/webpack-hmr?id=PPqIQ8g115k4jAeeGzqO4' failed: Error in connection establishment: net::ERR_CONNECTION_REFUSED @ http://localhost:3000/_next/static/chunks/node_modules_next_dist_client_17643121._.js:10878
[  710746ms] [ERROR] WebSocket connection to 'ws://localhost:3000/_next/webpack-hmr?id=PPqIQ8g115k4jAeeGzqO4' failed: Error in connection establishment: net::ERR_CONNECTION_REFUSED @ http://localhost:3000/_next/static/chunks/node_modules_next_dist_client_17643121._.js:10878
[  711749ms] [ERROR] WebSocket connection to 'ws://localhost:3000/_next/webpack-hmr?id=PPqIQ8g115k4jAeeGzqO4' failed: Error in connection establishment: net::ERR_CONNECTION_REFUSED @ http://localhost:3000/_next/static/chunks/node_modules_next_dist_client_17643121._.js:10878
[  712751ms] [ERROR] WebSocket connection to 'ws://localhost:3000/_next/webpack-hmr?id=PPqIQ8g115k4jAeeGzqO4' failed: Error in connection establishment: net::ERR_CONNECTION_REFUSED @ http://localhost:3000/_next/static/chunks/node_modules_next_dist_client_17643121._.js:10878
[  713753ms] [ERROR] WebSocket connection to 'ws://localhost:3000/_next/webpack-hmr?id=PPqIQ8g115k4jAeeGzqO4' failed: Error in connection establishment: net::ERR_CONNECTION_REFUSED @ http://localhost:3000/_next/static/chunks/node_modules_next_dist_client_17643121._.js:10878
[  718758ms] [ERROR] WebSocket connection to 'ws://localhost:3000/_next/webpack-hmr?id=PPqIQ8g115k4jAeeGzqO4' failed: Error in connection establishment: net::ERR_CONNECTION_REFUSED @ http://localhost:3000/_next/static/chunks/node_modules_next_dist_client_17643121._.js:10878
[  723761ms] [ERROR] WebSocket connection to 'ws://localhost:3000/_next/webpack-hmr?id=PPqIQ8g115k4jAeeGzqO4' failed: Error in connection establishment: net::ERR_CONNECTION_REFUSED @ http://localhost:3000/_next/static/chunks/node_modules_next_dist_client_17643121._.js:10878
[  728767ms] [ERROR] WebSocket connection to 'ws://localhost:3000/_next/webpack-hmr?id=PPqIQ8g115k4jAeeGzqO4' failed: Error in connection establishment: net::ERR_CONNECTION_REFUSED @ http://localhost:3000/_next/static/chunks/node_modules_next_dist_client_17643121._.js:10878
[  733772ms] [ERROR] WebSocket connection to 'ws://localhost:3000/_next/webpack-hmr?id=PPqIQ8g115k4jAeeGzqO4' failed: Error in connection establishment: net::ERR_CONNECTION_REFUSED @ http://localhost:3000/_next/static/chunks/node_modules_next_dist_client_17643121._.js:10878
[  738776ms] [ERROR] WebSocket connection to 'ws://localhost:3000/_next/webpack-hmr?id=PPqIQ8g115k4jAeeGzqO4' failed: Error in connection establishment: net::ERR_CONNECTION_REFUSED @ http://localhost:3000/_next/static/chunks/node_modules_next_dist_client_17643121._.js:10878
[  743780ms] [ERROR] WebSocket connection to 'ws://localhost:3000/_next/webpack-hmr?id=PPqIQ8g115k4jAeeGzqO4' failed: Error in connection establishment: net::ERR_CONNECTION_REFUSED @ http://localhost:3000/_next/static/chunks/node_modules_next_dist_client_17643121._.js:10878
[  748783ms] [ERROR] WebSocket connection to 'ws://localhost:3000/_next/webpack-hmr?id=PPqIQ8g115k4jAeeGzqO4' failed: Error in connection establishment: net::ERR_CONNECTION_REFUSED @ http://localhost:3000/_next/static/chunks/node_modules_next_dist_client_17643121._.js:10878
[ 1362144ms] [ERROR] The final argument passed to %s changed size between renders. The order and size of this array must remain constant.

Previous: %s
Incoming: %s useEffect [] [] @ http://localhost:3000/_next/static/chunks/node_modules_next_dist_f3530cac._.js:3127
[ 2077599ms] [ERROR] WebSocket connection to 'ws://localhost:3000/_next/webpack-hmr?id=27ucW7Js5P0i4xAm3V1GF' failed: Error in connection establishment: net::ERR_CONNECTION_REFUSED @ http://localhost:3000/_next/static/chunks/node_modules_next_dist_client_17643121._.js:10878
[ 2078604ms] [ERROR] WebSocket connection to 'ws://localhost:3000/_next/webpack-hmr?id=27ucW7Js5P0i4xAm3V1GF' failed: Error in connection establishment: net::ERR_CONNECTION_REFUSED @ http://localhost:3000/_next/static/chunks/node_modules_next_dist_client_17643121._.js:10878
[ 2079607ms] [ERROR] WebSocket connection to 'ws://localhost:3000/_next/webpack-hmr?id=27ucW7Js5P0i4xAm3V1GF' failed: Error in connection establishment: net::ERR_CONNECTION_REFUSED @ http://localhost:3000/_next/static/chunks/node_modules_next_dist_client_17643121._.js:10878
[ 2080611ms] [ERROR] WebSocket connection to 'ws://localhost:3000/_next/webpack-hmr?id=27ucW7Js5P0i4xAm3V1GF' failed: Error in connection establishment: net::ERR_CONNECTION_REFUSED @ http://localhost:3000/_next/static/chunks/node_modules_next_dist_client_17643121._.js:10878
[ 2081613ms] [ERROR] WebSocket connection to 'ws://localhost:3000/_next/webpack-hmr?id=27ucW7Js5P0i4xAm3V1GF' failed: Error in connection establishment: net::ERR_CONNECTION_REFUSED @ http://localhost:3000/_next/static/chunks/node_modules_next_dist_client_17643121._.js:10878
[ 2086638ms] [ERROR] WebSocket connection to 'ws://localhost:3000/_next/webpack-hmr?id=27ucW7Js5P0i4xAm3V1GF' failed: Error in connection establishment: net::ERR_CONNECTION_REFUSED @ http://localhost:3000/_next/static/chunks/node_modules_next_dist_client_17643121._.js:10878
[ 2091647ms] [ERROR] WebSocket connection to 'ws://localhost:3000/_next/webpack-hmr?id=27ucW7Js5P0i4xAm3V1GF' failed: Error in connection establishment: net::ERR_CONNECTION_REFUSED @ http://localhost:3000/_next/static/chunks/node_modules_next_dist_client_17643121._.js:10878
[ 2096674ms] [ERROR] WebSocket connection to 'ws://localhost:3000/_next/webpack-hmr?id=27ucW7Js5P0i4xAm3V1GF' failed: Error in connection establishment: net::ERR_CONNECTION_REFUSED @ http://localhost:3000/_next/static/chunks/node_modules_next_dist_client_17643121._.js:10878
[ 2101709ms] [ERROR] WebSocket connection to 'ws://localhost:3000/_next/webpack-hmr?id=27ucW7Js5P0i4xAm3V1GF' failed: Error in connection establishment: net::ERR_CONNECTION_REFUSED @ http://localhost:3000/_next/static/chunks/node_modules_next_dist_client_17643121._.js:10878
[ 2106751ms] [ERROR] WebSocket connection to 'ws://localhost:3000/_next/webpack-hmr?id=27ucW7Js5P0i4xAm3V1GF' failed: Error in connection establishment: net::ERR_CONNECTION_REFUSED @ http://localhost:3000/_next/static/chunks/node_modules_next_dist_client_17643121._.js:10878
[ 2111882ms] [ERROR] WebSocket connection to 'ws://localhost:3000/_next/webpack-hmr?id=27ucW7Js5P0i4xAm3V1GF' failed: Error in connection establishment: net::ERR_CONNECTION_REFUSED @ http://localhost:3000/_next/static/chunks/node_modules_next_dist_client_17643121._.js:10878
[ 2117118ms] [ERROR] WebSocket connection to 'ws://localhost:3000/_next/webpack-hmr?id=27ucW7Js5P0i4xAm3V1GF' failed: Error in connection establishment: net::ERR_CONNECTION_REFUSED @ http://localhost:3000/_next/static/chunks/node_modules_next_dist_client_17643121._.js:10878
